<?xml version="1.0" encoding="UTF-8"?>
<testng-results ignored="10" total="11" passed="1" failed="0" skipped="0">
  <reporter-output>
  </reporter-output>
  <suite started-at="2024-12-20T16:17:14 IST" name="Default suite" finished-at="2024-12-20T16:17:32 IST" duration-ms="17851">
    <groups>
    </groups>
    <test started-at="2024-12-20T16:17:14 IST" name="Default test" finished-at="2024-12-20T16:17:32 IST" duration-ms="17851">
      <class name="test.AboutUsTabTest">
        <test-method is-config="true" signature="setup()[pri:0, instance:test.AboutUsTabTest@639c2c1d]" started-at="2024-12-20T16:17:14 IST" name="setup" finished-at="2024-12-20T16:17:25 IST" duration-ms="10134" status="PASS">
          <reporter-output>
          </reporter-output>
        </test-method> <!-- setup -->
        <test-method signature="Validate_About_Us_Button_Click_TC_001()[pri:1, instance:test.AboutUsTabTest@639c2c1d]" started-at="2024-12-20T16:17:25 IST" name="Validate_About_Us_Button_Click_TC_001" finished-at="2024-12-20T16:17:30 IST" duration-ms="5328" status="PASS">
          <reporter-output>
          </reporter-output>
        </test-method> <!-- Validate_About_Us_Button_Click_TC_001 -->
        <test-method is-config="true" signature="afterMethod()[pri:0, instance:test.AboutUsTabTest@639c2c1d]" started-at="2024-12-20T16:17:30 IST" name="afterMethod" finished-at="2024-12-20T16:17:32 IST" duration-ms="2338" status="PASS">
          <reporter-output>
          </reporter-output>
        </test-method> <!-- afterMethod -->
        <test-method is-config="true" signature="teardown()[pri:0, instance:test.AboutUsTabTest@639c2c1d]" started-at="2024-12-20T16:17:32 IST" name="teardown" finished-at="2024-12-20T16:17:32 IST" duration-ms="0" status="PASS">
          <reporter-output>
          </reporter-output>
        </test-method> <!-- teardown -->
      </class> <!-- test.AboutUsTabTest -->
    </test> <!-- Default test -->
  </suite> <!-- Default suite -->
</testng-results>
